\BOOKMARK [1][]{John Doe.1}{John\040Doe}{}% 1
\BOOKMARK [2][]{PDF:Education.2}{Education}{John Doe.1}% 2
\BOOKMARK [2][]{PDF:ResearchExperience.2}{Research\040Experience}{John Doe.1}% 3
\BOOKMARK [2][]{PDF:Publications.2}{Publications}{John Doe.1}% 4
\BOOKMARK [3][]{PDF:Journals.3}{Journals}{PDF:Publications.2}% 5
\BOOKMARK [3][]{PDF:Conferences.3}{Conferences}{PDF:Publications.2}% 6
\BOOKMARK [2][]{PDF:AcademicAwards.2}{Academic\040Awards}{John Doe.1}% 7
\BOOKMARK [2][]{PDF:OtherAwards.2}{Other\040Awards}{John Doe.1}% 8
\BOOKMARK [2][]{PDF:ProfessionalAffiliationsActivities.2}{Professional\040Affiliations\040&\040Activities}{John Doe.1}% 9
\BOOKMARK [2][]{PDF:CampusActivities.2}{Campus\040Activities}{John Doe.1}% 10
\BOOKMARK [2][]{PDF:OtherWorkExperience.2}{Other\040Work\040Experience}{John Doe.1}% 11
\BOOKMARK [2][]{PDF:Languages.2}{Languages}{John Doe.1}% 12
\BOOKMARK [2][]{PDF:Skills.2}{Skills}{John Doe.1}% 13
\BOOKMARK [2][]{PDF:Interests.2}{Interests}{John Doe.1}% 14
\BOOKMARK [2][]{PDF:References.2}{References}{John Doe.1}% 15
\BOOKMARK [2][]{PDF:SectionWithUsageExamples:ForPDFLink.2}{Section\040With\040Usage\040Examples\040\(For\040PDF\040Bookmark\)}{John Doe.1}% 16
\BOOKMARK [3][]{PDF:ThisIsASubSection.3}{This\040is\040a\040Subsection}{PDF:SectionWithUsageExamples:ForPDFLink.2}% 17
\BOOKMARK [3][]{PDF:ThisIsTheSecondSubSection.3}{This\040is\040the\040Second\040Subsection}{PDF:SectionWithUsageExamples:ForPDFLink.2}% 18
\BOOKMARK [2][]{PDF:AnotherSectionWithUsageExamples:ForPDFLink.2}{Another\040Section\040With\040Usage\040Examples\040\(For\040PDF\040Bookmark\)}{John Doe.1}% 19
\BOOKMARK [2][]{PDF:MultilingualUnicodeExamples.2}{Multilingual\040Unicode\040Examples}{John Doe.1}% 20
